2024-12-16T15:34:59.892+0530 INFO ----------------Test case to Read the menu items and display the menu item count and menu item -------------
2024-12-16T15:34:59.941+0530 INFO Total number of menu items are : 7
Menu items are : 
2024-12-16T15:35:00.073+0530 INFO 1 --> BOOKS
2024-12-16T15:35:00.122+0530 INFO 2 --> COMPUTERS
2024-12-16T15:35:00.146+0530 INFO Path of the captured screenshot is : D:\test-automation\workspace\DemoWebShopProject\screenshots\testName2024.34.351.03.34.59.png
2024-12-16T15:35:00.158+0530 INFO 3 --> ELECTRONICS
2024-12-16T15:35:00.186+0530 INFO 4 --> APPAREL & SHOES
2024-12-16T15:35:00.215+0530 INFO 5 --> DIGITAL DOWNLOADS
2024-12-16T15:35:00.267+0530 INFO 6 --> JEWELRY
2024-12-16T15:35:00.322+0530 INFO 7 --> GIFT CARDS
2024-12-16T15:35:00.338+0530 INFO Inside onTestStart method , test execution started compareScreenshots
2024-12-16T15:35:00.338+0530 INFO ----------------Test case to compare screenshots -------------
2024-12-16T15:35:00.618+0530 INFO ---- Images are same ----
2024-12-16T15:35:00.782+0530 INFO Path of the captured screenshot is : D:\test-automation\workspace\DemoWebShopProject\screenshots\testName2024.35.351.03.35.00.png
2024-12-16T15:35:00.943+0530 INFO ---- Images are same ----
2024-12-16T15:35:02.649+0530 INFO ---- Images are different ----
2024-12-16T15:35:02.665+0530 INFO Inside onTestStart method , test execution started selectProductAndConfiguration
2024-12-16T15:35:02.671+0530 INFO ----------------Test case to select product and customize the configuration -------------
2024-12-16T15:35:02.788+0530 INFO ---- Images are different ----
2024-12-16T15:35:02.791+0530 INFO Inside onTestStart method , test execution started selectProductAndConfiguration
2024-12-16T15:35:02.796+0530 INFO ----------------Test case to select product and customize the configuration -------------
2024-12-16T15:35:07.197+0530 INFO Inside onTestStart method , test execution started addProductToCart
2024-12-16T15:35:07.197+0530 INFO ----------------Test case to add the product to cart -------------
2024-12-16T15:35:07.294+0530 INFO Inside onTestStart method , test execution started addProductToCart
2024-12-16T15:35:07.297+0530 INFO ----------------Test case to add the product to cart -------------
2024-12-16T15:35:08.377+0530 INFO Inside onTestStart method , test execution started navigateToCartAndCheckout
2024-12-16T15:35:08.377+0530 INFO ----------------Test case to navigate to cart page-------------
2024-12-16T15:35:08.823+0530 INFO Inside onTestStart method , test execution started navigateToCartAndCheckout
2024-12-16T15:35:08.823+0530 INFO ----------------Test case to navigate to cart page-------------
2024-12-16T15:35:11.900+0530 INFO Inside onTestStart method , test execution started provideShippingAddressAndMethod
2024-12-16T15:35:11.904+0530 INFO ----------------Test case to select shipping address and shipping method-------------
2024-12-16T15:35:12.370+0530 INFO Inside onTestStart method , test execution started provideShippingAddressAndMethod
2024-12-16T15:35:12.370+0530 INFO ----------------Test case to select shipping address and shipping method-------------
2024-12-16T15:35:13.539+0530 INFO Inside onTestStart method , test execution started providePaymentMethodAndInfo
2024-12-16T15:35:13.539+0530 INFO ----------------Test case to provide payment method and details-------------
2024-12-16T15:35:13.965+0530 INFO Inside onTestStart method , test execution started providePaymentMethodAndInfo
2024-12-16T15:35:13.965+0530 INFO ----------------Test case to provide payment method and details-------------
2024-12-16T15:35:14.622+0530 INFO Inside onTestStart method , test execution started confirmOrderAndVeirfyOrderDetails
2024-12-16T15:35:14.623+0530 INFO ----------------Test case to confirm the order and verify the order details-------------
2024-12-16T15:35:15.142+0530 INFO Inside onTestStart method , test execution started confirmOrderAndVeirfyOrderDetails
2024-12-16T15:35:15.144+0530 INFO ----------------Test case to confirm the order and verify the order details-------------
2024-12-16T15:35:16.790+0530 INFO Inside onTestStart method , test execution started verifyTestFailure
2024-12-16T15:35:16.811+0530 INFO Inside onTestStart method , test execution started verifyTestFailure
2024-12-16T15:35:16.815+0530 INFO Inside onTestStart method , test execution started verifyTestFailure
2024-12-16T15:35:16.841+0530 INFO order number is generated and the order number is : Order number: 1853482
2024-12-16T15:35:17.985+0530 INFO Inside onTestStart method , test execution started verifyTestFailure
2024-12-16T15:35:18.003+0530 INFO Inside onTestStart method , test execution started verifyTestFailure
2024-12-16T15:35:18.007+0530 INFO Inside onTestStart method , test execution started verifyTestFailure
