2024-12-10T11:23:15.535+0530 INFO Inside onTestStart method , test execution started verifyTestFailure
2024-12-10T11:23:15.557+0530 INFO Inside onTestStart method , test execution started verifyTestFailure
2024-12-10T11:38:52.558+0530 INFO [TestNG] Running:
  D:\test-automation\workspace\DemoWebShopProject\testng.xml

2024-12-10T11:38:52.746+0530 INFO Inside onStart method , test execution started chromeTest
2024-12-10T11:38:57.626+0530 INFO Inside onTestStart method , test execution started login
2024-12-10T11:38:57.627+0530 INFO ----------------Test case to Login to the application -------------
2024-12-10T11:38:59.305+0530 INFO Inside onTestStart method , test execution started readAndDisplayMenuItems
2024-12-10T11:38:59.306+0530 INFO ----------------Test case to Read the menu items and display the menu item count and menu item -------------
2024-12-10T11:38:59.321+0530 INFO Total number of menu items are : 7
Menu items are : 
2024-12-10T11:38:59.354+0530 INFO 1 --> BOOKS
2024-12-10T11:38:59.373+0530 INFO 2 --> COMPUTERS
2024-12-10T11:38:59.391+0530 INFO 3 --> ELECTRONICS
2024-12-10T11:38:59.409+0530 INFO 4 --> APPAREL & SHOES
2024-12-10T11:38:59.429+0530 INFO 5 --> DIGITAL DOWNLOADS
2024-12-10T11:38:59.450+0530 INFO 6 --> JEWELRY
2024-12-10T11:38:59.469+0530 INFO 7 --> GIFT CARDS
2024-12-10T11:38:59.471+0530 INFO Inside onTestStart method , test execution started compareScreenshots
2024-12-10T11:38:59.472+0530 INFO ----------------Test case to compare screenshots -------------
2024-12-10T11:38:59.653+0530 INFO Path of the captured screenshot is : D:\test-automation\workspace\DemoWebShopProject\screenshots\testName2024.38.345.11.38.59.png
2024-12-10T11:38:59.831+0530 INFO ---- Images are same ----
2024-12-10T11:39:00.733+0530 INFO ---- Images are different ----
2024-12-10T11:39:00.733+0530 INFO Inside onTestStart method , test execution started selectProductAndConfiguration
2024-12-10T11:39:00.733+0530 INFO ----------------Test case to select product and customize the configuration -------------
2024-12-10T11:39:03.945+0530 INFO Inside onTestStart method , test execution started addProductToCart
2024-12-10T11:39:03.947+0530 INFO ----------------Test case to add the product to cart -------------
2024-12-10T11:39:04.375+0530 INFO Inside onTestStart method , test execution started navigateToCartAndCheckout
2024-12-10T11:39:04.375+0530 INFO ----------------Test case to navigate to cart page-------------
2024-12-10T11:39:07.515+0530 INFO Inside onTestStart method , test execution started provideShippingAddressAndMethod
2024-12-10T11:39:07.515+0530 INFO ----------------Test case to select shipping address and shipping method-------------
2024-12-10T11:39:08.500+0530 INFO Inside onTestStart method , test execution started providePaymentMethodAndInfo
2024-12-10T11:39:08.500+0530 INFO ----------------Test case to provide payment method and details-------------
2024-12-10T11:39:09.367+0530 INFO Inside onTestStart method , test execution started confirmOrderAndVeirfyOrderDetails
2024-12-10T11:39:09.367+0530 INFO ----------------Test case to confirm the order and verify the order details-------------
2024-12-10T11:39:11.455+0530 INFO order number is generated and the order number is : Order number: 1848991
2024-12-10T11:39:12.104+0530 INFO Inside onTestStart method , test execution started verifyTestFailure
2024-12-10T11:39:12.115+0530 INFO Inside onTestStart method , test execution started verifyTestFailure
2024-12-10T11:39:12.118+0530 INFO Inside onTestStart method , test execution started verifyTestFailure
2024-12-10T13:32:30.675+0530 INFO Inside onStart method , test execution started chromeTest
2024-12-10T13:32:35.162+0530 INFO Inside onTestStart method , test execution started login
2024-12-10T13:32:35.164+0530 INFO ----------------Test case to Login to the application -------------
2024-12-10T13:32:36.846+0530 INFO Inside onTestStart method , test execution started readAndDisplayMenuItems
2024-12-10T13:32:36.846+0530 INFO ----------------Test case to Read the menu items and display the menu item count and menu item -------------
2024-12-10T13:32:36.861+0530 INFO Total number of menu items are : 7
Menu items are : 
2024-12-10T13:32:36.895+0530 INFO 1 --> BOOKS
2024-12-10T13:32:36.910+0530 INFO 2 --> COMPUTERS
2024-12-10T13:32:36.926+0530 INFO 3 --> ELECTRONICS
2024-12-10T13:32:36.939+0530 INFO 4 --> APPAREL & SHOES
2024-12-10T13:32:36.954+0530 INFO 5 --> DIGITAL DOWNLOADS
2024-12-10T13:32:36.968+0530 INFO 6 --> JEWELRY
2024-12-10T13:32:36.982+0530 INFO 7 --> GIFT CARDS
2024-12-10T13:32:36.984+0530 INFO Inside onTestStart method , test execution started compareScreenshots
2024-12-10T13:32:36.985+0530 INFO ----------------Test case to compare screenshots -------------
2024-12-10T13:32:37.192+0530 INFO Path of the captured screenshot is : D:\test-automation\workspace\DemoWebShopProject\screenshots\testName2024.32.345.01.32.37.png
2024-12-10T13:32:37.374+0530 INFO ---- Images are same ----
